This is pdfTeX, Version 3.14159265-2.6-1.40.20 (MiKTeX 2.9.7140 64-bit) (preloaded format=pdflatex 2019.9.16)  12 AUG 2020 08:56
entering extended mode
**./zybo_how_to.tex
(zybo_how_to.tex
LaTeX2e <2018-12-01>
("C:\Program Files\MiKTeX 2.9\tex/latex/base\article.cls"
Document Class: article 2018/09/03 v1.4i Standard LaTeX document class
("C:\Program Files\MiKTeX 2.9\tex/latex/base\size11.clo"
File: size11.clo 2018/09/03 v1.4i Standard LaTeX file (size option)
)
\c@part=\count80
\c@section=\count81
\c@subsection=\count82
\c@subsubsection=\count83
\c@paragraph=\count84
\c@subparagraph=\count85
\c@figure=\count86
\c@table=\count87
\abovecaptionskip=\skip41
\belowcaptionskip=\skip42
\bibindent=\dimen102
)
(C:\Users\kyler\AppData\Roaming\MiKTeX\2.9\tex/latex/titlepic\titlepic.sty
Package: titlepic 2017/03/14 1.2 Package to display a picture on the title page

)
("C:\Program Files\MiKTeX 2.9\tex/latex/psnfss\times.sty"
Package: times 2005/04/12 PSNFSS-v9.2a (SPQR) 
)
("C:\Program Files\MiKTeX 2.9\tex/latex/float\float.sty"
Package: float 2001/11/08 v1.3d Float enhancements (AL)
\c@float@type=\count88
\float@exts=\toks14
\float@box=\box27
\@float@everytoks=\toks15
\@floatcapt=\box28
)
("C:\Program Files\MiKTeX 2.9\tex/latex/amsfonts\amssymb.sty"
Package: amssymb 2013/01/14 v3.01 AMS font symbols

("C:\Program Files\MiKTeX 2.9\tex/latex/amsfonts\amsfonts.sty"
Package: amsfonts 2013/01/14 v3.01 Basic AMSFonts support
\@emptytoks=\toks16
\symAMSa=\mathgroup4
\symAMSb=\mathgroup5
LaTeX Font Info:    Overwriting math alphabet `\mathfrak' in version `bold'
(Font)                  U/euf/m/n --> U/euf/b/n on input line 106.
))
("C:\Program Files\MiKTeX 2.9\tex/latex/amsmath\amsmath.sty"
Package: amsmath 2018/12/01 v2.17b AMS math features
\@mathmargin=\skip43

For additional information on amsmath, use the `?' option.
("C:\Program Files\MiKTeX 2.9\tex/latex/amsmath\amstext.sty"
Package: amstext 2000/06/29 v2.01 AMS text

("C:\Program Files\MiKTeX 2.9\tex/latex/amsmath\amsgen.sty"
File: amsgen.sty 1999/11/30 v2.0 generic functions
\@emptytoks=\toks17
\ex@=\dimen103
))
("C:\Program Files\MiKTeX 2.9\tex/latex/amsmath\amsbsy.sty"
Package: amsbsy 1999/11/29 v1.2d Bold Symbols
\pmbraise@=\dimen104
)
("C:\Program Files\MiKTeX 2.9\tex/latex/amsmath\amsopn.sty"
Package: amsopn 2016/03/08 v2.02 operator names
)
\inf@bad=\count89
LaTeX Info: Redefining \frac on input line 223.
\uproot@=\count90
\leftroot@=\count91
LaTeX Info: Redefining \overline on input line 385.
\classnum@=\count92
\DOTSCASE@=\count93
LaTeX Info: Redefining \ldots on input line 482.
LaTeX Info: Redefining \dots on input line 485.
LaTeX Info: Redefining \cdots on input line 606.
\Mathstrutbox@=\box29
\strutbox@=\box30
\big@size=\dimen105
LaTeX Font Info:    Redeclaring font encoding OML on input line 729.
LaTeX Font Info:    Redeclaring font encoding OMS on input line 730.
\macc@depth=\count94
\c@MaxMatrixCols=\count95
\dotsspace@=\muskip10
\c@parentequation=\count96
\dspbrk@lvl=\count97
\tag@help=\toks18
\row@=\count98
\column@=\count99
\maxfields@=\count100
\andhelp@=\toks19
\eqnshift@=\dimen106
\alignsep@=\dimen107
\tagshift@=\dimen108
\tagwidth@=\dimen109
\totwidth@=\dimen110
\lineht@=\dimen111
\@envbody=\toks20
\multlinegap=\skip44
\multlinetaggap=\skip45
\mathdisplay@stack=\toks21
LaTeX Info: Redefining \[ on input line 2844.
LaTeX Info: Redefining \] on input line 2845.
)
("C:\Program Files\MiKTeX 2.9\tex/latex/amscls\amsthm.sty"
Package: amsthm 2017/10/31 v2.20.4
\thm@style=\toks22
\thm@bodyfont=\toks23
\thm@headfont=\toks24
\thm@notefont=\toks25
\thm@headpunct=\toks26
\thm@preskip=\skip46
\thm@postskip=\skip47
\thm@headsep=\skip48
\dth@everypar=\toks27
)
(C:\Users\kyler\AppData\Roaming\MiKTeX\2.9\tex/latex/needspace\needspace.sty
Package: needspace 2010/09/12 v1.3d reserve vertical space
)
(C:\Users\kyler\AppData\Roaming\MiKTeX\2.9\tex/latex/url\url.sty
\Urlmuskip=\muskip11
Package: url 2013/09/16  ver 3.4  Verb mode for urls, etc.
)
("C:\Program Files\MiKTeX 2.9\tex/latex/hyperref\hyperref.sty"
Package: hyperref 2019/06/12 v6.88h Hypertext links for LaTeX

("C:\Program Files\MiKTeX 2.9\tex/generic/oberdiek\hobsub-hyperref.sty"
Package: hobsub-hyperref 2016/05/16 v1.14 Bundle oberdiek, subset hyperref (HO)


("C:\Program Files\MiKTeX 2.9\tex/generic/oberdiek\hobsub-generic.sty"
Package: hobsub-generic 2016/05/16 v1.14 Bundle oberdiek, subset generic (HO)
Package: hobsub 2016/05/16 v1.14 Construct package bundles (HO)
Package: infwarerr 2016/05/16 v1.4 Providing info/warning/error messages (HO)
Package: ltxcmds 2016/05/16 v1.23 LaTeX kernel commands for general use (HO)
Package: ifluatex 2016/05/16 v1.4 Provides the ifluatex switch (HO)
Package ifluatex Info: LuaTeX not detected.
Package: ifvtex 2016/05/16 v1.6 Detect VTeX and its facilities (HO)
Package ifvtex Info: VTeX not detected.
Package: intcalc 2016/05/16 v1.2 Expandable calculations with integers (HO)
Package: ifpdf 2018/09/07 v3.3 Provides the ifpdf switch
Package: etexcmds 2016/05/16 v1.6 Avoid name clashes with e-TeX commands (HO)
Package: kvsetkeys 2016/05/16 v1.17 Key value parser (HO)
Package: kvdefinekeys 2016/05/16 v1.4 Define keys (HO)
Package: pdftexcmds 2019/07/25 v0.30 Utility functions of pdfTeX for LuaTeX (HO
)
Package pdftexcmds Info: LuaTeX not detected.
Package pdftexcmds Info: \pdf@primitive is available.
Package pdftexcmds Info: \pdf@ifprimitive is available.
Package pdftexcmds Info: \pdfdraftmode found.
Package: pdfescape 2016/05/16 v1.14 Implements pdfTeX's escape features (HO)
Package: bigintcalc 2016/05/16 v1.4 Expandable calculations on big integers (HO
)
Package: bitset 2016/05/16 v1.2 Handle bit-vector datatype (HO)
Package: uniquecounter 2016/05/16 v1.3 Provide unlimited unique counter (HO)
)
Package hobsub Info: Skipping package `hobsub' (already loaded).
Package: letltxmacro 2016/05/16 v1.5 Let assignment for LaTeX macros (HO)
Package: hopatch 2016/05/16 v1.3 Wrapper for package hooks (HO)
Package: xcolor-patch 2016/05/16 xcolor patch
Package: atveryend 2016/05/16 v1.9 Hooks at the very end of document (HO)
Package atveryend Info: \enddocument detected (standard20110627).
Package: atbegshi 2016/06/09 v1.18 At begin shipout hook (HO)
Package: refcount 2016/05/16 v3.5 Data extraction from label references (HO)
Package: hycolor 2016/05/16 v1.8 Color options for hyperref/bookmark (HO)
)
("C:\Program Files\MiKTeX 2.9\tex/latex/graphics\keyval.sty"
Package: keyval 2014/10/28 v1.15 key=value parser (DPC)
\KV@toks@=\toks28
)
("C:\Program Files\MiKTeX 2.9\tex/generic/ifxetex\ifxetex.sty"
Package: ifxetex 2010/09/12 v0.6 Provides ifxetex conditional
)
("C:\Program Files\MiKTeX 2.9\tex/latex/oberdiek\auxhook.sty"
Package: auxhook 2016/05/16 v1.4 Hooks for auxiliary files (HO)
)
("C:\Program Files\MiKTeX 2.9\tex/latex/oberdiek\kvoptions.sty"
Package: kvoptions 2016/05/16 v3.12 Key value format for package options (HO)
)
\@linkdim=\dimen112
\Hy@linkcounter=\count101
\Hy@pagecounter=\count102

("C:\Program Files\MiKTeX 2.9\tex/latex/hyperref\pd1enc.def"
File: pd1enc.def 2019/06/12 v6.88h Hyperref: PDFDocEncoding definition (HO)
Now handling font encoding PD1 ...
... no UTF-8 mapping file for font encoding PD1
)
\Hy@SavedSpaceFactor=\count103

("C:\Program Files\MiKTeX 2.9\tex/latex/00miktex\hyperref.cfg"
File: hyperref.cfg 2002/06/06 v1.2 hyperref configuration of TeXLive
)
Package hyperref Info: Hyper figures OFF on input line 4550.
Package hyperref Info: Link nesting OFF on input line 4555.
Package hyperref Info: Hyper index ON on input line 4558.
Package hyperref Info: Plain pages OFF on input line 4565.
Package hyperref Info: Backreferencing OFF on input line 4570.
Package hyperref Info: Implicit mode ON; LaTeX internals redefined.
Package hyperref Info: Bookmarks ON on input line 4803.
\c@Hy@tempcnt=\count104
LaTeX Info: Redefining \url on input line 5156.
\XeTeXLinkMargin=\dimen113
\Fld@menulength=\count105
\Field@Width=\dimen114
\Fld@charsize=\dimen115
Package hyperref Info: Hyper figures OFF on input line 6411.
Package hyperref Info: Link nesting OFF on input line 6416.
Package hyperref Info: Hyper index ON on input line 6419.
Package hyperref Info: backreferencing OFF on input line 6426.
Package hyperref Info: Link coloring OFF on input line 6431.
Package hyperref Info: Link coloring with OCG OFF on input line 6436.
Package hyperref Info: PDF/A mode OFF on input line 6441.
LaTeX Info: Redefining \ref on input line 6481.
LaTeX Info: Redefining \pageref on input line 6485.
\Hy@abspage=\count106
\c@Item=\count107
\c@Hfootnote=\count108
)
Package hyperref Info: Driver (autodetected): hpdftex.

("C:\Program Files\MiKTeX 2.9\tex/latex/hyperref\hpdftex.def"
File: hpdftex.def 2019/06/12 v6.88h Hyperref driver for pdfTeX
\Fld@listcount=\count109
\c@bookmark@seq@number=\count110

("C:\Program Files\MiKTeX 2.9\tex/latex/oberdiek\rerunfilecheck.sty"
Package: rerunfilecheck 2016/05/16 v1.8 Rerun checks for auxiliary files (HO)
Package uniquecounter Info: New unique counter `rerunfilecheck' on input line 2
82.
)
\Hy@SectionHShift=\skip49
)
(C:\Users\kyler\AppData\Roaming\MiKTeX\2.9\tex/latex/fancyhdr\fancyhdr.sty
Package: fancyhdr 2019/01/31 v3.10 Extensive control of page headers and footer
s
\f@nch@headwidth=\skip50
\f@nch@O@elh=\skip51
\f@nch@O@erh=\skip52
\f@nch@O@olh=\skip53
\f@nch@O@orh=\skip54
\f@nch@O@elf=\skip55
\f@nch@O@erf=\skip56
\f@nch@O@olf=\skip57
\f@nch@O@orf=\skip58
)
(C:\Users\kyler\AppData\Roaming\MiKTeX\2.9\tex/latex/wrapfig\wrapfig.sty
\wrapoverhang=\dimen116
\WF@size=\dimen117
\c@WF@wrappedlines=\count111
\WF@box=\box31
\WF@everypar=\toks29
Package: wrapfig 2003/01/31  v 3.6
)
("C:\Program Files\MiKTeX 2.9\tex/latex/graphics\epsfig.sty"
Package: epsfig 2017/06/25 v1.7b (e)psfig emulation (SPQR)

("C:\Program Files\MiKTeX 2.9\tex/latex/graphics\graphicx.sty"
Package: graphicx 2017/06/01 v1.1a Enhanced LaTeX Graphics (DPC,SPQR)

("C:\Program Files\MiKTeX 2.9\tex/latex/graphics\graphics.sty"
Package: graphics 2017/06/25 v1.2c Standard LaTeX Graphics (DPC,SPQR)

("C:\Program Files\MiKTeX 2.9\tex/latex/graphics\trig.sty"
Package: trig 2016/01/03 v1.10 sin cos tan (DPC)
)
("C:\Program Files\MiKTeX 2.9\tex/latex/graphics-cfg\graphics.cfg"
File: graphics.cfg 2016/06/04 v1.11 sample graphics configuration
)
Package graphics Info: Driver file: pdftex.def on input line 99.

("C:\Program Files\MiKTeX 2.9\tex/latex/graphics-def\pdftex.def"
File: pdftex.def 2018/01/08 v1.0l Graphics/color driver for pdftex
))
\Gin@req@height=\dimen118
\Gin@req@width=\dimen119
)
\epsfxsize=\dimen120
\epsfysize=\dimen121
)
("C:\Program Files\MiKTeX 2.9\tex/latex/graphics\color.sty"
Package: color 2016/07/10 v1.1e Standard LaTeX Color (DPC)

("C:\Program Files\MiKTeX 2.9\tex/latex/graphics-cfg\color.cfg"
File: color.cfg 2016/01/02 v1.6 sample color configuration
)
Package color Info: Driver file: pdftex.def on input line 147.
)
("C:\Program Files\MiKTeX 2.9\tex/latex/oberdiek\epstopdf.sty"
Package: epstopdf 2016/05/15 v2.6 Conversion with epstopdf on the fly (HO)

("C:\Program Files\MiKTeX 2.9\tex/latex/oberdiek\epstopdf-base.sty"
Package: epstopdf-base 2016/05/15 v2.6 Base part for package epstopdf

("C:\Program Files\MiKTeX 2.9\tex/latex/oberdiek\grfext.sty"
Package: grfext 2016/05/16 v1.2 Manage graphics extensions (HO)
)
Package epstopdf-base Info: Redefining graphics rule for `.eps' on input line 4
38.
Package grfext Info: Graphics extension search list:
(grfext)             [.pdf,.png,.jpg,.mps,.jpeg,.jbig2,.jb2,.PDF,.PNG,.JPG,.JPE
G,.JBIG2,.JB2,.eps]
(grfext)             \AppendGraphicsExtensions on input line 456.
))
(C:\Users\kyler\AppData\Roaming\MiKTeX\2.9\tex/latex/pdfsync\pdfsync.sty
Package: pdfsync 2008/01/26 v1.1
)
("C:\Program Files\MiKTeX 2.9\tex/latex/base\ifthen.sty"
Package: ifthen 2014/09/29 v1.1c Standard LaTeX ifthen package (DPC)
)
(C:\Users\kyler\AppData\Roaming\MiKTeX\2.9\tex/latex/version\version.sty
Package: version 2009/09/15  v 2.0
Package version Info: Excluding comment environments declared on input line 115
.
)
(C:\Users\kyler\AppData\Roaming\MiKTeX\2.9\tex/latex/listings\listings.sty
\lst@mode=\count112
\lst@gtempboxa=\box32
\lst@token=\toks30
\lst@length=\count113
\lst@currlwidth=\dimen122
\lst@column=\count114
\lst@pos=\count115
\lst@lostspace=\dimen123
\lst@width=\dimen124
\lst@newlines=\count116
\lst@lineno=\count117
\lst@maxwidth=\dimen125

(C:\Users\kyler\AppData\Roaming\MiKTeX\2.9\tex/latex/listings\lstmisc.sty
File: lstmisc.sty 2020/03/24 1.8d (Carsten Heinz)
\c@lstnumber=\count118
\lst@skipnumbers=\count119
\lst@framebox=\box33
)
(C:\Users\kyler\AppData\Roaming\MiKTeX\2.9\tex/latex/listings\listings.cfg
File: listings.cfg 2020/03/24 1.8d listings configuration
))
Package: listings 2020/03/24 1.8d (Carsten Heinz)

(C:\Users\kyler\AppData\Roaming\MiKTeX\2.9\tex/latex/setspace\setspace.sty
Package: setspace 2011/12/19 v6.7a set line spacing
)
Package version Info: Excluding prnt-solns environments declared on input line 
52.
\c@definition=\count120
\c@theorem=\count121
\c@lemma=\count122
\c@corollary=\count123
\c@proposition=\count124
\c@example=\count125
\c@problem=\count126
\c@note=\count127

(zybo_how_to.aux

LaTeX Warning: Label `lay' multiply defined.

)
\openout1 = `zybo_how_to.aux'.

LaTeX Font Info:    Checking defaults for OML/cmm/m/it on input line 87.
LaTeX Font Info:    ... okay on input line 87.
LaTeX Font Info:    Checking defaults for T1/cmr/m/n on input line 87.
LaTeX Font Info:    ... okay on input line 87.
LaTeX Font Info:    Checking defaults for OT1/cmr/m/n on input line 87.
LaTeX Font Info:    ... okay on input line 87.
LaTeX Font Info:    Checking defaults for OMS/cmsy/m/n on input line 87.
LaTeX Font Info:    ... okay on input line 87.
LaTeX Font Info:    Checking defaults for OMX/cmex/m/n on input line 87.
LaTeX Font Info:    ... okay on input line 87.
LaTeX Font Info:    Checking defaults for U/cmr/m/n on input line 87.
LaTeX Font Info:    ... okay on input line 87.
LaTeX Font Info:    Checking defaults for PD1/pdf/m/n on input line 87.
LaTeX Font Info:    ... okay on input line 87.
LaTeX Font Info:    Try loading font information for OT1+ptm on input line 87.
 ("C:\Program Files\MiKTeX 2.9\tex/latex/psnfss\ot1ptm.fd"
File: ot1ptm.fd 2001/06/04 font definitions for OT1/ptm.
)
\AtBeginShipoutBox=\box34
Package hyperref Info: Link coloring OFF on input line 87.

("C:\Program Files\MiKTeX 2.9\tex/latex/hyperref\nameref.sty"
Package: nameref 2016/05/21 v2.44 Cross-referencing by name of section

("C:\Program Files\MiKTeX 2.9\tex/generic/oberdiek\gettitlestring.sty"
Package: gettitlestring 2016/05/16 v1.5 Cleanup title references (HO)
)
\c@section@level=\count128
)
LaTeX Info: Redefining \ref on input line 87.
LaTeX Info: Redefining \pageref on input line 87.
LaTeX Info: Redefining \nameref on input line 87.

(zybo_how_to.out) (zybo_how_to.out)
\@outlinefile=\write3
\openout3 = `zybo_how_to.out'.


(C:\Users\kyler\AppData\Roaming\MiKTeX\2.9\tex/context/base/mkii\supp-pdf.mkii
[Loading MPS to PDF converter (version 2006.09.02).]
\scratchcounter=\count129
\scratchdimen=\dimen126
\scratchbox=\box35
\nofMPsegments=\count130
\nofMParguments=\count131
\everyMPshowfont=\toks31
\MPscratchCnt=\count132
\MPscratchDim=\dimen127
\MPnumerator=\count133
\makeMPintoPDFobject=\count134
\everyMPtoPDFconversion=\toks32
)
Configuring pdfsync
\PDFSYNC@ut=\write4
\openout4 = `zybo_how_to.pdfsync'.

\PDFSYNCf@li@=\count135
\PDFSYNC@rder=\count136
**** pdfsync.sty: Synchronizing at \everypar
\PDFSYNCeveryp@r=\toks33
**** pdfsync.sty: Synchronizing at \everymath
\PDFSYNCeverym@th=\toks34
**** pdfsync.sty: Synchronizing at \everyhbox
\PDFSYNCeveryhb@x=\toks35
**** pdfsync.sty: Synchronizing at \everyvbox
\PDFSYNCeveryvb@x=\toks36
**** pdfsync.sty: started
\c@lstlisting=\count137
LaTeX Font Info:    Try loading font information for U+msa on input line 90.
 ("C:\Program Files\MiKTeX 2.9\tex/latex/amsfonts\umsa.fd"
File: umsa.fd 2013/01/14 v3.01 AMS symbols A
)
LaTeX Font Info:    Try loading font information for U+msb on input line 90.

("C:\Program Files\MiKTeX 2.9\tex/latex/amsfonts\umsb.fd"
File: umsb.fd 2013/01/14 v3.01 AMS symbols B
)
<logo.pdf, id=23, 346.29375pt x 58.2175pt>
File: logo.pdf Graphic file (type pdf)
<use logo.pdf>
Package pdftex.def Info: logo.pdf  used on input line 90.
(pdftex.def)             Requested size: 261.97874pt x 44.0441pt.
 [1

{C:/Users/kyler/AppData/Local/MiKTeX/2.9/pdftex/config/pdftex.map} <./logo.pdf>
]
LaTeX Font Info:    Font shape `OT1/ptm/bx/n' in size <14.4> not available
(Font)              Font shape `OT1/ptm/b/n' tried instead on input line 92.

Underfull \hbox (badness 10000) in paragraph at lines 94--95

 []


Underfull \hbox (badness 10000) in paragraph at lines 96--98

 []

LaTeX Font Info:    Try loading font information for OMS+ptm on input line 103.

("C:\Program Files\MiKTeX 2.9\tex/latex/psnfss\omsptm.fd"
File: omsptm.fd 
)
LaTeX Font Info:    Font shape `OMS/ptm/m/n' in size <10.95> not available
(Font)              Font shape `OMS/cmsy/m/n' tried instead on input line 103.

Underfull \hbox (badness 10000) in paragraph at lines 109--111

 []

LaTeX Font Info:    Font shape `OT1/ptm/bx/n' in size <10.95> not available
(Font)              Font shape `OT1/ptm/b/n' tried instead on input line 120.

Underfull \hbox (badness 10000) in paragraph at lines 120--122

 []

<newproj.jpg, id=33, 589.4522pt x 502.12593pt>
File: newproj.jpg Graphic file (type jpg)
<use newproj.jpg>
Package pdftex.def Info: newproj.jpg  used on input line 126.
(pdftex.def)             Requested size: 366.76863pt x 312.43349pt.

LaTeX Warning: `!h' float specifier changed to `!ht'.


Package Fancyhdr Warning: \headheight is too small (12.0pt): 
Make it at least 13.59999pt.
We now make it that large for the rest of the document.
This may cause the page layout to be inconsistent, however.

[2]
<boards.png, id=45, 590.95781pt x 500.62032pt>
File: boards.png Graphic file (type png)
<use boards.png>
Package pdftex.def Info: boards.png  used on input line 135.
(pdftex.def)             Requested size: 366.76863pt x 310.70985pt.
<source_mux.png, id=48, 274.77657pt x 285.31593pt>
File: source_mux.png Graphic file (type png)
<use source_mux.png>
Package pdftex.def Info: source_mux.png  used on input line 151.
(pdftex.def)             Requested size: 209.57979pt x 217.62599pt.


LaTeX Warning: `!h' float specifier changed to `!ht'.

[3 <./newproj.jpg>]
Underfull \hbox (badness 10000) in paragraph at lines 158--159

 []

Package hyperref Info: bookmark level for unknown lstlisting defaults to 0 on i
nput line 161.
(counter.v
Overfull \hbox (0.55142pt too wide) in paragraph at lines 13--14
[][][][][][][][][][][][][][][][][][][][][][][][][][] 
 []

LaTeX Font Info:    Try loading font information for OML+ptm on input line 16.
("C:\Program Files\MiKTeX 2.9\tex/latex/psnfss\omlptm.fd"
File: omlptm.fd 
)
LaTeX Font Info:    Font shape `OML/ptm/m/n' in size <10.95> not available
(Font)              Font shape `OML/cmm/m/it' tried instead on input line 16.
)
Underfull \vbox (badness 10000) has occurred while \output is active []

 [4 <./boards.png>]
Underfull \vbox (badness 4229) has occurred while \output is active []

 [5 <./source_mux.png>] (counter_tb.v

! LaTeX Error: Command \textminus unavailable in encoding OT1.

See the LaTeX manual or LaTeX Companion for explanation.
Type  H <return>  for immediate help.
 ...                                              
                                                  
l.16 		#10 clk <= ~clk;   /* #10 causes 10-t
                                            imestep delay between each execu...

Your command was ignored.
Type  I <command> <return>  to replace it with another command,
or  <return>  to continue without it.


Overfull \hbox (210.79312pt too wide) in paragraph at lines 16--18
[][][][][][][][][][][][][][][][][][][][][][][][][][][][][][][][][][][][][][][][
] 
 []

)
Underfull \vbox (badness 10000) has occurred while \output is active []

 [6]
<heirarchy.png, id=97, 299.61937pt x 167.87718pt>
File: heirarchy.png Graphic file (type png)
<use heirarchy.png>
Package pdftex.def Info: heirarchy.png  used on input line 183.
(pdftex.def)             Requested size: 261.97874pt x 146.7974pt.


LaTeX Warning: `!h' float specifier changed to `!ht'.

[7]
<wave.png, id=143, 832.61063pt x 444.91219pt>
File: wave.png Graphic file (type png)
<use wave.png>
Package pdftex.def Info: wave.png  used on input line 194.
(pdftex.def)             Requested size: 471.55853pt x 251.98004pt.

Underfull \hbox (badness 10000) in paragraph at lines 214--216

 []

[8 <./heirarchy.png>] (counter2.v)
Overfull \hbox (17.0pt too wide) in paragraph at lines 221--224
[][][]$[][][]$ 
 []


Underfull \vbox (badness 10000) has occurred while \output is active []

 [9 <./wave.png>]
Underfull \hbox (badness 10000) in paragraph at lines 225--227

 []

(counter.xdc
Overfull \hbox (0.55142pt too wide) in paragraph at lines 1--2
[][][][][][][][][][][][][][][][][][][][][][][][][][][][][][][] 
 []


! LaTeX Error: Command \textminus unavailable in encoding OT1.

See the LaTeX manual or LaTeX Companion for explanation.
Type  H <return>  for immediate help.
 ...                                              
                                                  
l.4 create_clock -a
                   dd -name sys_clk_pin -period 8.00 -waveform {0 4} [get_po...

Your command was ignored.
Type  I <command> <return>  to replace it with another command,
or  <return>  to continue without it.


! LaTeX Error: Command \textminus unavailable in encoding OT1.

See the LaTeX manual or LaTeX Companion for explanation.
Type  H <return>  for immediate help.
 ...                                              
                                                  
l.4 create_clock -add -n
                        ame sys_clk_pin -period 8.00 -waveform {0 4} [get_po...

Your command was ignored.
Type  I <command> <return>  to replace it with another command,
or  <return>  to continue without it.


! LaTeX Error: Command \textminus unavailable in encoding OT1.

See the LaTeX manual or LaTeX Companion for explanation.
Type  H <return>  for immediate help.
 ...                                              
                                                  
l.4 create_clock -add -name sys_clk_pin -p
                                          eriod 8.00 -waveform {0 4} [get_po...

Your command was ignored.
Type  I <command> <return>  to replace it with another command,
or  <return>  to continue without it.


! LaTeX Error: Command \textminus unavailable in encoding OT1.

See the LaTeX manual or LaTeX Companion for explanation.
Type  H <return>  for immediate help.
 ...                                              
                                                  
l.4 ...lock -add -name sys_clk_pin -period 8.00 -w
                                                  aveform {0 4} [get_ports clk]

Your command was ignored.
Type  I <command> <return>  to replace it with another command,
or  <return>  to continue without it.


Overfull \hbox (53.11185pt too wide) in paragraph at lines 4--6
[][][][][][][][][][][][][][][][][][][][][][][][][][][][][][] 
 []

) [10]
<target.png, id=195, 633.86812pt x 431.36156pt>
File: target.png Graphic file (type png)
<use target.png>
Package pdftex.def Info: target.png  used on input line 257.
(pdftex.def)             Requested size: 471.55853pt x 320.91388pt.


LaTeX Warning: `!h' float specifier changed to `!ht'.


Underfull \hbox (badness 10000) in paragraph at lines 271--272

 []

[11]
Underfull \hbox (badness 10000) in paragraph at lines 273--275

 []


Underfull \hbox (badness 10000) in paragraph at lines 278--279

 []

[12 <./target.png>]
<lab24.png, id=238, 445.665pt x 252.945pt>
File: lab24.png Graphic file (type png)
<use lab24.png>
Package pdftex.def Info: lab24.png  used on input line 288.
(pdftex.def)             Requested size: 314.37769pt x 178.43045pt.
<lab2blockauto.png, id=240, 924.45375pt x 572.1375pt>
File: lab2blockauto.png Graphic file (type png)
<use lab2blockauto.png>
Package pdftex.def Info: lab2blockauto.png  used on input line 297.
(pdftex.def)             Requested size: 419.16759pt x 259.41504pt.


LaTeX Warning: `h' float specifier changed to `ht'.


Underfull \hbox (badness 10000) in paragraph at lines 304--311

 []

[13 <./lab24.png>]
<lab2GPIOconf.png, id=254, 983.675pt x 701.62125pt>
File: lab2GPIOconf.png Graphic file (type png)
<use lab2GPIOconf.png>
Package pdftex.def Info: lab2GPIOconf.png  used on input line 318.
(pdftex.def)             Requested size: 419.16759pt x 298.97195pt.


LaTeX Warning: `h' float specifier changed to `ht'.

<diagram.png, id=256, 914.66719pt x 325.215pt>
File: diagram.png Graphic file (type png)
<use diagram.png>
Package pdftex.def Info: diagram.png  used on input line 335.
(pdftex.def)             Requested size: 523.95749pt x 186.30243pt.
[14 <./lab2blockauto.png>]

LaTeX Warning: `h' float specifier changed to `ht'.

[15 <./lab2GPIOconf.png>]

! LaTeX Error: Command \textminus unavailable in encoding OT1.

See the LaTeX manual or LaTeX Companion for explanation.
Type  H <return>  for immediate help.
 ...                                              
                                                  
l.364 create_clock -a
                     dd -name sys_clk_pin -period 10.00 -waveform {0 5} [get...

Your command was ignored.
Type  I <command> <return>  to replace it with another command,
or  <return>  to continue without it.


! LaTeX Error: Command \textminus unavailable in encoding OT1.

See the LaTeX manual or LaTeX Companion for explanation.
Type  H <return>  for immediate help.
 ...                                              
                                                  
l.364 create_clock -add -n
                          ame sys_clk_pin -period 10.00 -waveform {0 5} [get...

Your command was ignored.
Type  I <command> <return>  to replace it with another command,
or  <return>  to continue without it.


! LaTeX Error: Command \textminus unavailable in encoding OT1.

See the LaTeX manual or LaTeX Companion for explanation.
Type  H <return>  for immediate help.
 ...                                              
                                                  
l.364 create_clock -add -name sys_clk_pin -p
                                            eriod 10.00 -waveform {0 5} [get...

Your command was ignored.
Type  I <command> <return>  to replace it with another command,
or  <return>  to continue without it.


! LaTeX Error: Command \textminus unavailable in encoding OT1.

See the LaTeX manual or LaTeX Companion for explanation.
Type  H <return>  for immediate help.
 ...                                              
                                                  
l.364 ...k -add -name sys_clk_pin -period 10.00 -w
                                                  aveform {0 5} [get_ports c...

Your command was ignored.
Type  I <command> <return>  to replace it with another command,
or  <return>  to continue without it.


Overfull \hbox (118.81238pt too wide) in paragraph at lines 364--367
[][][][][][][][][][][][][][][][][][][][][][][][][][][][][][][][] 
 []

[16 <./diagram.png>]
<lab2final.png, id=298, 895.84688pt x 197.98969pt>
File: lab2final.png Graphic file (type png)
<use lab2final.png>
Package pdftex.def Info: lab2final.png  used on input line 386.
(pdftex.def)             Requested size: 523.95749pt x 115.80083pt.
 [17 <./lab2final.png>]
Overfull \hbox (59.21259pt too wide) in paragraph at lines 409--410
[][][]\OT1/ptm/m/n/10.95 You will now have three files in the 'Project Ex-plore
r' panel (counter[]sw, counter[]sw[]bsp and led[]wrapper[]hw[]platform[]0). 
 []


Overfull \hbox (20.26158pt too wide) in paragraph at lines 417--418
[][][][][][][][][][][][][][][][][][][][][][][][][] 
 []

[18]
Underfull \hbox (badness 10000) in paragraph at lines 483--485

 []

[19]
Underfull \hbox (badness 10000) in paragraph at lines 486--488

 []


Underfull \hbox (badness 10000) in paragraph at lines 489--491

 []

<zynq.png, id=388, 298.11375pt x 110.66344pt>
File: zynq.png Graphic file (type png)
<use zynq.png>
Package pdftex.def Info: zynq.png  used on input line 502.
(pdftex.def)             Requested size: 366.76863pt x 136.15741pt.
[20 <./zynq.png>]
<ip.png, id=399, 762.85pt x 565.11125pt>
File: ip.png Graphic file (type png)
<use ip.png>
Package pdftex.def Info: ip.png  used on input line 529.
(pdftex.def)             Requested size: 419.16759pt x 310.51035pt.
<ip_interface.png, id=401, 762.85pt x 565.11125pt>
File: ip_interface.png Graphic file (type png)
<use ip_interface.png>
Package pdftex.def Info: ip_interface.png  used on input line 539.
(pdftex.def)             Requested size: 419.16759pt x 310.51035pt.
 [21 <./ip.png>] [22 <./ip_interface.png>]

! LaTeX Error: Command \textminus unavailable in encoding OT1.

See the LaTeX manual or LaTeX Companion for explanation.
Type  H <return>  for immediate help.
 ...                                              
                                                  
l.558 reg [0 : C_S_AXI_DATA_WIDTH-1] 
                                     tmp_reg ;
Your command was ignored.
Type  I <command> <return>  to replace it with another command,
or  <return>  to continue without it.

<layf.png, id=421, 688.07062pt x 322.95656pt>
File: layf.png Graphic file (type png)
<use layf.png>
Package pdftex.def Info: layf.png  used on input line 580.
(pdftex.def)             Requested size: 523.95749pt x 245.92754pt.

LaTeX Warning: `!h' float specifier changed to `!ht'.

[23] [24 <./layf.png>]
Overfull \hbox (15.88171pt too wide) in paragraph at lines 641--642
[][][][][][][][][][][][][][][][][][][][][][][][][][][][][][][][] 
 []


Overfull \hbox (9.31166pt too wide) in paragraph at lines 642--643
[][][][][][][][][][][][][][][][][][][][] 
 []

[25]
Underfull \hbox (badness 10000) in paragraph at lines 663--664

 []

<mult_output.png, id=500, 503.63156pt x 118.19156pt>
File: mult_output.png Graphic file (type png)
<use mult_output.png>
Package pdftex.def Info: mult_output.png  used on input line 667.
(pdftex.def)             Requested size: 366.76863pt x 86.07352pt.
Package atveryend Info: Empty hook `BeforeClearDocument' on input line 677.
[26 <./mult_output.png>]
Package atveryend Info: Empty hook `AfterLastShipout' on input line 677.
 (zybo_how_to.aux)
Package atveryend Info: Executing hook `AtVeryEndDocument' on input line 677.
Package atveryend Info: Executing hook `AtEndAfterFileList' on input line 677.
Package rerunfilecheck Info: File `zybo_how_to.out' has not changed.
(rerunfilecheck)             Checksum: 78CA06B7C2A58CE58931D12B337B69BD;360.


LaTeX Warning: There were multiply-defined labels.

Package atveryend Info: Empty hook `AtVeryVeryEnd' on input line 677.
 ) 
Here is how much of TeX's memory you used:
 8660 strings out of 492895
 122230 string characters out of 3133479
 244553 words of memory out of 3000000
 12070 multiletter control sequences out of 15000+200000
 19868 words of font info for 52 fonts, out of 3000000 for 9000
 1141 hyphenation exceptions out of 8191
 32i,32n,43p,662b,2022s stack positions out of 5000i,500n,10000p,200000b,50000s
{C:/Program Files/MiKTeX 2.9/fonts/enc/dvips/base/8r.enc}<C:/Program Files/Mi
KTeX 2.9/fonts/type1/public/amsfonts/cm/cmmi10.pfb><C:/Program Files/MiKTeX 2.9
/fonts/type1/public/amsfonts/cm/cmr10.pfb><C:/Program Files/MiKTeX 2.9/fonts/ty
pe1/public/amsfonts/cm/cmr8.pfb><C:/Program Files/MiKTeX 2.9/fonts/type1/public
/amsfonts/cm/cmsy10.pfb><C:/Program Files/MiKTeX 2.9/fonts/type1/urw/times/utmb
8a.pfb><C:/Program Files/MiKTeX 2.9/fonts/type1/urw/times/utmr8a.pfb>
Output written on zybo_how_to.pdf (26 pages, 506341 bytes).
PDF statistics:
 609 PDF objects out of 1000 (max. 8388607)
 355 named destinations out of 1000 (max. 500000)
 126 words of extra memory for PDF output out of 10000 (max. 10000000)

